<?xml version="1.0" encoding="UTF-8"?>
<testng-results skipped="0" failed="0" ignored="0" total="2" passed="2">
  <reporter-output>
  </reporter-output>
  <suite name="Default suite" duration-ms="35956" started-at="2021-01-15T23:02:11Z" finished-at="2021-01-15T23:02:47Z">
    <groups>
    </groups>
    <test name="Default test" duration-ms="35956" started-at="2021-01-15T23:02:11Z" finished-at="2021-01-15T23:02:47Z">
      <class name="xyz.HomePageTest">
        <test-method status="PASS" signature="T()[pri:0, instance:xyz.HomePageTest@14acaea5]" name="T" duration-ms="17551" started-at="2021-01-15T23:02:11Z" finished-at="2021-01-15T23:02:29Z">
          <reporter-output>
          </reporter-output>
        </test-method> <!-- T -->
        <test-method status="PASS" signature="sortCheck()[pri:0, instance:xyz.HomePageTest@14acaea5]" name="sortCheck" duration-ms="18366" started-at="2021-01-15T23:02:29Z" finished-at="2021-01-15T23:02:47Z">
          <reporter-output>
          </reporter-output>
        </test-method> <!-- sortCheck -->
      </class> <!-- xyz.HomePageTest -->
    </test> <!-- Default test -->
  </suite> <!-- Default suite -->
</testng-results>
